[P.A.T.C.H. - 1/16/2021 3:15:17 PM] Checking... - Checking for remote service!
[P.A.T.C.H. - 1/16/2021 3:15:17 PM] Downloading file... - Downloading index file for repair process!
[P.A.T.C.H. - 1/16/2021 3:15:18 PM] Checking current version... - 
[P.A.T.C.H. - 1/16/2021 3:15:18 PM] Checking... - Hash checking for App.exe...
[P.A.T.C.H. - 1/16/2021 3:15:18 PM] Checking... - Hash checking for UnityCrashHandler64.exe...
[P.A.T.C.H. - 1/16/2021 3:15:18 PM] Checking... - Hash checking for UnityPlayer.dll...
[P.A.T.C.H. - 1/16/2021 3:15:19 PM] Skipping... - Skipping version file...
[P.A.T.C.H. - 1/16/2021 3:15:19 PM] Checking... - Hash checking for App_Data\app.info...
[P.A.T.C.H. - 1/16/2021 3:15:19 PM] Checking... - Hash checking for App_Data\boot.config...
[P.A.T.C.H. - 1/16/2021 3:15:19 PM] Checking... - Hash checking for App_Data\globalgamemanagers...
[P.A.T.C.H. - 1/16/2021 3:15:19 PM] Checking... - Hash checking for App_Data\globalgamemanagers.assets...
[P.A.T.C.H. - 1/16/2021 3:15:19 PM] Checking... - Hash checking for App_Data\level0...
[P.A.T.C.H. - 1/16/2021 3:15:19 PM] Checking... - Hash checking for App_Data\resources.assets...
[P.A.T.C.H. - 1/16/2021 3:15:19 PM] Checking... - Hash checking for App_Data\resources.assets.resS...
[P.A.T.C.H. - 1/16/2021 3:15:19 PM] Checking... - Hash checking for App_Data\sharedassets0.assets...
[P.A.T.C.H. - 1/16/2021 3:15:19 PM] Checking... - Hash checking for App_Data\sharedassets0.assets.resS...
[P.A.T.C.H. - 1/16/2021 3:15:19 PM] Checking... - Hash checking for App_Data\sharedassets0.resource...
[P.A.T.C.H. - 1/16/2021 3:15:19 PM] Checking... - Hash checking for App_Data\Managed\Assembly-CSharp-firstpass.dll...
[P.A.T.C.H. - 1/16/2021 3:15:19 PM] Checking... - Hash checking for App_Data\Managed\Assembly-CSharp.dll...
[P.A.T.C.H. - 1/16/2021 3:15:19 PM] Checking... - Hash checking for App_Data\Managed\DemiLib.dll...
[P.A.T.C.H. - 1/16/2021 3:15:19 PM] Checking... - Hash checking for App_Data\Managed\DOTween.dll...
[P.A.T.C.H. - 1/16/2021 3:15:19 PM] Checking... - Hash checking for App_Data\Managed\DOTweenPro.dll...
[P.A.T.C.H. - 1/16/2021 3:15:20 PM] Checking... - Hash checking for App_Data\Managed\ICSharpCode.SharpZipLib.dll...
[P.A.T.C.H. - 1/16/2021 3:15:20 PM] Checking... - Hash checking for App_Data\Managed\Ionic.Zip.Unity.dll...
[P.A.T.C.H. - 1/16/2021 3:15:20 PM] Checking... - Hash checking for App_Data\Managed\MHLab.PATCH.dll...
[P.A.T.C.H. - 1/16/2021 3:15:20 PM] Checking... - Hash checking for App_Data\Managed\Mono.Data.Sqlite.dll...
[P.A.T.C.H. - 1/16/2021 3:15:20 PM] Checking... - Hash checking for App_Data\Managed\Mono.Posix.dll...
[P.A.T.C.H. - 1/16/2021 3:15:20 PM] Checking... - Hash checking for App_Data\Managed\Mono.Security.dll...
[P.A.T.C.H. - 1/16/2021 3:15:20 PM] Checking... - Hash checking for App_Data\Managed\mscorlib.dll...
[P.A.T.C.H. - 1/16/2021 3:15:20 PM] Checking... - Hash checking for App_Data\Managed\Newtonsoft.Json.dll...
[P.A.T.C.H. - 1/16/2021 3:15:20 PM] Checking... - Hash checking for App_Data\Managed\Sirenix.OdinInspector.Attributes.dll...
[P.A.T.C.H. - 1/16/2021 3:15:21 PM] Checking... - Hash checking for App_Data\Managed\Sirenix.OdinInspector.CompatibilityLayer.dll...
[P.A.T.C.H. - 1/16/2021 3:15:21 PM] Checking... - Hash checking for App_Data\Managed\Sirenix.Serialization.Config.dll...
[P.A.T.C.H. - 1/16/2021 3:15:21 PM] Checking... - Hash checking for App_Data\Managed\Sirenix.Serialization.dll...
[P.A.T.C.H. - 1/16/2021 3:15:21 PM] Checking... - Hash checking for App_Data\Managed\Sirenix.Utilities.dll...
[P.A.T.C.H. - 1/16/2021 3:15:21 PM] Checking... - Hash checking for App_Data\Managed\System.Configuration.dll...
[P.A.T.C.H. - 1/16/2021 3:15:21 PM] Checking... - Hash checking for App_Data\Managed\System.Core.dll...
[P.A.T.C.H. - 1/16/2021 3:15:21 PM] Checking... - Hash checking for App_Data\Managed\System.Data.dll...
[P.A.T.C.H. - 1/16/2021 3:15:21 PM] Checking... - Hash checking for App_Data\Managed\System.dll...
[P.A.T.C.H. - 1/16/2021 3:15:21 PM] Checking... - Hash checking for App_Data\Managed\System.EnterpriseServices.dll...
[P.A.T.C.H. - 1/16/2021 3:15:21 PM] Checking... - Hash checking for App_Data\Managed\System.Net.Http.dll...
[P.A.T.C.H. - 1/16/2021 3:15:22 PM] Checking... - Hash checking for App_Data\Managed\System.Numerics.dll...
[P.A.T.C.H. - 1/16/2021 3:15:22 PM] Checking... - Hash checking for App_Data\Managed\System.Runtime.Serialization.dll...
[P.A.T.C.H. - 1/16/2021 3:15:22 PM] Checking... - Hash checking for App_Data\Managed\System.Security.dll...
[P.A.T.C.H. - 1/16/2021 3:15:22 PM] Checking... - Hash checking for App_Data\Managed\System.ServiceModel.Internals.dll...
[P.A.T.C.H. - 1/16/2021 3:15:22 PM] Checking... - Hash checking for App_Data\Managed\System.Transactions.dll...
[P.A.T.C.H. - 1/16/2021 3:15:22 PM] Checking... - Hash checking for App_Data\Managed\System.Xml.dll...
[P.A.T.C.H. - 1/16/2021 3:15:22 PM] Checking... - Hash checking for App_Data\Managed\System.Xml.Linq.dll...
[P.A.T.C.H. - 1/16/2021 3:15:22 PM] Checking... - Hash checking for App_Data\Managed\Unity.TextMeshPro.dll...
[P.A.T.C.H. - 1/16/2021 3:15:22 PM] Checking... - Hash checking for App_Data\Managed\Unity.Timeline.dll...
[P.A.T.C.H. - 1/16/2021 3:15:23 PM] Checking... - Hash checking for App_Data\Managed\UnityEngine.AccessibilityModule.dll...
[P.A.T.C.H. - 1/16/2021 3:15:23 PM] Checking... - Hash checking for App_Data\Managed\UnityEngine.AIModule.dll...
[P.A.T.C.H. - 1/16/2021 3:15:23 PM] Checking... - Hash checking for App_Data\Managed\UnityEngine.AndroidJNIModule.dll...
[P.A.T.C.H. - 1/16/2021 3:15:23 PM] Checking... - Hash checking for App_Data\Managed\UnityEngine.AnimationModule.dll...
[P.A.T.C.H. - 1/16/2021 3:15:23 PM] Checking... - Hash checking for App_Data\Managed\UnityEngine.ARModule.dll...
[P.A.T.C.H. - 1/16/2021 3:15:23 PM] Checking... - Hash checking for App_Data\Managed\UnityEngine.AssetBundleModule.dll...
[P.A.T.C.H. - 1/16/2021 3:15:23 PM] Checking... - Hash checking for App_Data\Managed\UnityEngine.AudioModule.dll...
[P.A.T.C.H. - 1/16/2021 3:15:23 PM] Checking... - Hash checking for App_Data\Managed\UnityEngine.ClothModule.dll...
[P.A.T.C.H. - 1/16/2021 3:15:23 PM] Checking... - Hash checking for App_Data\Managed\UnityEngine.ClusterInputModule.dll...
[P.A.T.C.H. - 1/16/2021 3:15:23 PM] Checking... - Hash checking for App_Data\Managed\UnityEngine.ClusterRendererModule.dll...
[P.A.T.C.H. - 1/16/2021 3:15:23 PM] Checking... - Hash checking for App_Data\Managed\UnityEngine.CoreModule.dll...
[P.A.T.C.H. - 1/16/2021 3:15:23 PM] Checking... - Hash checking for App_Data\Managed\UnityEngine.CrashReportingModule.dll...
[P.A.T.C.H. - 1/16/2021 3:15:23 PM] Checking... - Hash checking for App_Data\Managed\UnityEngine.DirectorModule.dll...
[P.A.T.C.H. - 1/16/2021 3:15:23 PM] Checking... - Hash checking for App_Data\Managed\UnityEngine.dll...
[P.A.T.C.H. - 1/16/2021 3:15:23 PM] Checking... - Hash checking for App_Data\Managed\UnityEngine.DSPGraphModule.dll...
[P.A.T.C.H. - 1/16/2021 3:15:23 PM] Checking... - Hash checking for App_Data\Managed\UnityEngine.GameCenterModule.dll...
[P.A.T.C.H. - 1/16/2021 3:15:23 PM] Checking... - Hash checking for App_Data\Managed\UnityEngine.GridModule.dll...
[P.A.T.C.H. - 1/16/2021 3:15:23 PM] Checking... - Hash checking for App_Data\Managed\UnityEngine.HotReloadModule.dll...
[P.A.T.C.H. - 1/16/2021 3:15:24 PM] Checking... - Hash checking for App_Data\Managed\UnityEngine.ImageConversionModule.dll...
[P.A.T.C.H. - 1/16/2021 3:15:24 PM] Checking... - Hash checking for App_Data\Managed\UnityEngine.IMGUIModule.dll...
[P.A.T.C.H. - 1/16/2021 3:15:24 PM] Checking... - Hash checking for App_Data\Managed\UnityEngine.InputLegacyModule.dll...
[P.A.T.C.H. - 1/16/2021 3:15:24 PM] Checking... - Hash checking for App_Data\Managed\UnityEngine.InputModule.dll...
[P.A.T.C.H. - 1/16/2021 3:15:24 PM] Checking... - Hash checking for App_Data\Managed\UnityEngine.JSONSerializeModule.dll...
[P.A.T.C.H. - 1/16/2021 3:15:24 PM] Checking... - Hash checking for App_Data\Managed\UnityEngine.LocalizationModule.dll...
[P.A.T.C.H. - 1/16/2021 3:15:24 PM] Checking... - Hash checking for App_Data\Managed\UnityEngine.ParticleSystemModule.dll...
[P.A.T.C.H. - 1/16/2021 3:15:24 PM] Checking... - Hash checking for App_Data\Managed\UnityEngine.PerformanceReportingModule.dll...
[P.A.T.C.H. - 1/16/2021 3:15:24 PM] Checking... - Hash checking for App_Data\Managed\UnityEngine.Physics2DModule.dll...
[P.A.T.C.H. - 1/16/2021 3:15:24 PM] Checking... - Hash checking for App_Data\Managed\UnityEngine.PhysicsModule.dll...
[P.A.T.C.H. - 1/16/2021 3:15:24 PM] Checking... - Hash checking for App_Data\Managed\UnityEngine.ProfilerModule.dll...
[P.A.T.C.H. - 1/16/2021 3:15:24 PM] Checking... - Hash checking for App_Data\Managed\UnityEngine.ScreenCaptureModule.dll...
[P.A.T.C.H. - 1/16/2021 3:15:24 PM] Checking... - Hash checking for App_Data\Managed\UnityEngine.SharedInternalsModule.dll...
[P.A.T.C.H. - 1/16/2021 3:15:24 PM] Checking... - Hash checking for App_Data\Managed\UnityEngine.SpatialTracking.dll...
[P.A.T.C.H. - 1/16/2021 3:15:24 PM] Checking... - Hash checking for App_Data\Managed\UnityEngine.SpriteMaskModule.dll...
[P.A.T.C.H. - 1/16/2021 3:15:24 PM] Checking... - Hash checking for App_Data\Managed\UnityEngine.SpriteShapeModule.dll...
[P.A.T.C.H. - 1/16/2021 3:15:24 PM] Checking... - Hash checking for App_Data\Managed\UnityEngine.StreamingModule.dll...
[P.A.T.C.H. - 1/16/2021 3:15:24 PM] Checking... - Hash checking for App_Data\Managed\UnityEngine.SubstanceModule.dll...
[P.A.T.C.H. - 1/16/2021 3:15:24 PM] Checking... - Hash checking for App_Data\Managed\UnityEngine.SubsystemsModule.dll...
[P.A.T.C.H. - 1/16/2021 3:15:24 PM] Checking... - Hash checking for App_Data\Managed\UnityEngine.TerrainModule.dll...
[P.A.T.C.H. - 1/16/2021 3:15:25 PM] Checking... - Hash checking for App_Data\Managed\UnityEngine.TerrainPhysicsModule.dll...
[P.A.T.C.H. - 1/16/2021 3:15:25 PM] Checking... - Hash checking for App_Data\Managed\UnityEngine.TextCoreModule.dll...
[P.A.T.C.H. - 1/16/2021 3:15:25 PM] Checking... - Hash checking for App_Data\Managed\UnityEngine.TextRenderingModule.dll...
[P.A.T.C.H. - 1/16/2021 3:15:25 PM] Checking... - Hash checking for App_Data\Managed\UnityEngine.TilemapModule.dll...
[P.A.T.C.H. - 1/16/2021 3:15:25 PM] Checking... - Hash checking for App_Data\Managed\UnityEngine.TLSModule.dll...
[P.A.T.C.H. - 1/16/2021 3:15:25 PM] Checking... - Hash checking for App_Data\Managed\UnityEngine.UI.dll...
[P.A.T.C.H. - 1/16/2021 3:15:25 PM] Checking... - Hash checking for App_Data\Managed\UnityEngine.UIElementsModule.dll...
[P.A.T.C.H. - 1/16/2021 3:15:25 PM] Checking... - Hash checking for App_Data\Managed\UnityEngine.UIElementsNativeModule.dll...
[P.A.T.C.H. - 1/16/2021 3:15:25 PM] Checking... - Hash checking for App_Data\Managed\UnityEngine.UIModule.dll...
[P.A.T.C.H. - 1/16/2021 3:15:25 PM] Checking... - Hash checking for App_Data\Managed\UnityEngine.UmbraModule.dll...
[P.A.T.C.H. - 1/16/2021 3:15:25 PM] Checking... - Hash checking for App_Data\Managed\UnityEngine.UNETModule.dll...
[P.A.T.C.H. - 1/16/2021 3:15:25 PM] Checking... - Hash checking for App_Data\Managed\UnityEngine.UnityAnalyticsModule.dll...
[P.A.T.C.H. - 1/16/2021 3:15:25 PM] Checking... - Hash checking for App_Data\Managed\UnityEngine.UnityConnectModule.dll...
[P.A.T.C.H. - 1/16/2021 3:15:25 PM] Checking... - Hash checking for App_Data\Managed\UnityEngine.UnityTestProtocolModule.dll...
[P.A.T.C.H. - 1/16/2021 3:15:25 PM] Checking... - Hash checking for App_Data\Managed\UnityEngine.UnityWebRequestAssetBundleModule.dll...
[P.A.T.C.H. - 1/16/2021 3:15:25 PM] Checking... - Hash checking for App_Data\Managed\UnityEngine.UnityWebRequestAudioModule.dll...
[P.A.T.C.H. - 1/16/2021 3:15:26 PM] Checking... - Hash checking for App_Data\Managed\UnityEngine.UnityWebRequestModule.dll...
[P.A.T.C.H. - 1/16/2021 3:15:26 PM] Checking... - Hash checking for App_Data\Managed\UnityEngine.UnityWebRequestTextureModule.dll...
[P.A.T.C.H. - 1/16/2021 3:15:26 PM] Checking... - Hash checking for App_Data\Managed\UnityEngine.UnityWebRequestWWWModule.dll...
[P.A.T.C.H. - 1/16/2021 3:15:26 PM] Checking... - Hash checking for App_Data\Managed\UnityEngine.VehiclesModule.dll...
[P.A.T.C.H. - 1/16/2021 3:15:26 PM] Checking... - Hash checking for App_Data\Managed\UnityEngine.VFXModule.dll...
[P.A.T.C.H. - 1/16/2021 3:15:26 PM] Checking... - Hash checking for App_Data\Managed\UnityEngine.VideoModule.dll...
[P.A.T.C.H. - 1/16/2021 3:15:26 PM] Checking... - Hash checking for App_Data\Managed\UnityEngine.VirtualTexturingModule.dll...
[P.A.T.C.H. - 1/16/2021 3:15:26 PM] Checking... - Hash checking for App_Data\Managed\UnityEngine.VRModule.dll...
[P.A.T.C.H. - 1/16/2021 3:15:26 PM] Checking... - Hash checking for App_Data\Managed\UnityEngine.WindModule.dll...
[P.A.T.C.H. - 1/16/2021 3:15:26 PM] Checking... - Hash checking for App_Data\Managed\UnityEngine.XR.LegacyInputHelpers.dll...
[P.A.T.C.H. - 1/16/2021 3:15:26 PM] Checking... - Hash checking for App_Data\Managed\UnityEngine.XRModule.dll...
[P.A.T.C.H. - 1/16/2021 3:15:26 PM] Checking... - Hash checking for App_Data\Plugins\x86_64\sqlite3.dll...
[P.A.T.C.H. - 1/16/2021 3:15:26 PM] Checking... - Hash checking for App_Data\Resources\unity default resources...
[P.A.T.C.H. - 1/16/2021 3:15:26 PM] Checking... - Hash checking for App_Data\Resources\unity_builtin_extra...
[P.A.T.C.H. - 1/16/2021 3:15:26 PM] Checking... - Hash checking for MonoBleedingEdge\EmbedRuntime\mono-2.0-bdwgc.dll...
[P.A.T.C.H. - 1/16/2021 3:15:26 PM] Checking... - Hash checking for MonoBleedingEdge\EmbedRuntime\MonoPosixHelper.dll...
[P.A.T.C.H. - 1/16/2021 3:15:27 PM] Checking... - Hash checking for MonoBleedingEdge\etc\mono\browscap.ini...
[P.A.T.C.H. - 1/16/2021 3:15:27 PM] Checking... - Hash checking for MonoBleedingEdge\etc\mono\config...
[P.A.T.C.H. - 1/16/2021 3:15:27 PM] Checking... - Hash checking for MonoBleedingEdge\etc\mono\2.0\DefaultWsdlHelpGenerator.aspx...
[P.A.T.C.H. - 1/16/2021 3:15:27 PM] Checking... - Hash checking for MonoBleedingEdge\etc\mono\2.0\machine.config...
[P.A.T.C.H. - 1/16/2021 3:15:27 PM] Checking... - Hash checking for MonoBleedingEdge\etc\mono\2.0\settings.map...
[P.A.T.C.H. - 1/16/2021 3:15:27 PM] Checking... - Hash checking for MonoBleedingEdge\etc\mono\2.0\web.config...
[P.A.T.C.H. - 1/16/2021 3:15:27 PM] Checking... - Hash checking for MonoBleedingEdge\etc\mono\2.0\Browsers\Compat.browser...
[P.A.T.C.H. - 1/16/2021 3:15:27 PM] Checking... - Hash checking for MonoBleedingEdge\etc\mono\4.0\DefaultWsdlHelpGenerator.aspx...
[P.A.T.C.H. - 1/16/2021 3:15:27 PM] Checking... - Hash checking for MonoBleedingEdge\etc\mono\4.0\machine.config...
[P.A.T.C.H. - 1/16/2021 3:15:27 PM] Checking... - Hash checking for MonoBleedingEdge\etc\mono\4.0\settings.map...
[P.A.T.C.H. - 1/16/2021 3:15:28 PM] Checking... - Hash checking for MonoBleedingEdge\etc\mono\4.0\web.config...
[P.A.T.C.H. - 1/16/2021 3:15:28 PM] Checking... - Hash checking for MonoBleedingEdge\etc\mono\4.0\Browsers\Compat.browser...
[P.A.T.C.H. - 1/16/2021 3:15:28 PM] Checking... - Hash checking for MonoBleedingEdge\etc\mono\4.5\DefaultWsdlHelpGenerator.aspx...
[P.A.T.C.H. - 1/16/2021 3:15:28 PM] Checking... - Hash checking for MonoBleedingEdge\etc\mono\4.5\machine.config...
[P.A.T.C.H. - 1/16/2021 3:15:28 PM] Checking... - Hash checking for MonoBleedingEdge\etc\mono\4.5\settings.map...
[P.A.T.C.H. - 1/16/2021 3:15:28 PM] Checking... - Hash checking for MonoBleedingEdge\etc\mono\4.5\web.config...
[P.A.T.C.H. - 1/16/2021 3:15:28 PM] Checking... - Hash checking for MonoBleedingEdge\etc\mono\4.5\Browsers\Compat.browser...
[P.A.T.C.H. - 1/16/2021 3:15:28 PM] Checking... - Hash checking for MonoBleedingEdge\etc\mono\mconfig\config.xml...
[P.A.T.C.H. - 1/16/2021 3:15:28 PM] Downloading file... - Downloading file version from remote server!
[P.A.T.C.H. - 1/16/2021 3:15:29 PM] Downloaded file! - Downloaded file version from remote server!
[P.A.T.C.H. - 1/16/2021 3:15:29 PM] Downloaded! - Version file was downloaded!
[P.A.T.C.H. - 1/16/2021 3:15:29 PM] Patching process is started!
[P.A.T.C.H. - 1/16/2021 3:15:29 PM] Cleaning! - Cleaning P.A.T.C.H. workspace!
[P.A.T.C.H. - 1/16/2021 3:15:29 PM] Checking version... - Found version 0.0.0.0
[P.A.T.C.H. - 1/16/2021 3:15:29 PM] Checking... - Checking for remote service!
[P.A.T.C.H. - 1/16/2021 3:15:29 PM] Can't find remote versions list!
[P.A.T.C.H. - 1/16/2021 3:17:08 PM] Checking... - Checking for remote service!
[P.A.T.C.H. - 1/16/2021 3:17:08 PM] Downloading file... - Downloading index file for repair process!
[P.A.T.C.H. - 1/16/2021 3:17:09 PM] Checking current version... - 
[P.A.T.C.H. - 1/16/2021 3:17:10 PM] Checking... - Hash checking for App.exe...
[P.A.T.C.H. - 1/16/2021 3:17:10 PM] Checking... - Hash checking for UnityCrashHandler64.exe...
[P.A.T.C.H. - 1/16/2021 3:17:10 PM] Checking... - Hash checking for UnityPlayer.dll...
[P.A.T.C.H. - 1/16/2021 3:17:10 PM] Skipping... - Skipping version file...
[P.A.T.C.H. - 1/16/2021 3:17:10 PM] Checking... - Hash checking for App_Data\app.info...
[P.A.T.C.H. - 1/16/2021 3:17:10 PM] Checking... - Hash checking for App_Data\boot.config...
[P.A.T.C.H. - 1/16/2021 3:17:10 PM] Checking... - Hash checking for App_Data\globalgamemanagers...
[P.A.T.C.H. - 1/16/2021 3:17:10 PM] Checking... - Hash checking for App_Data\globalgamemanagers.assets...
[P.A.T.C.H. - 1/16/2021 3:17:10 PM] Checking... - Hash checking for App_Data\level0...
[P.A.T.C.H. - 1/16/2021 3:17:10 PM] Checking... - Hash checking for App_Data\resources.assets...
[P.A.T.C.H. - 1/16/2021 3:17:10 PM] Checking... - Hash checking for App_Data\resources.assets.resS...
[P.A.T.C.H. - 1/16/2021 3:17:10 PM] Checking... - Hash checking for App_Data\sharedassets0.assets...
[P.A.T.C.H. - 1/16/2021 3:17:10 PM] Checking... - Hash checking for App_Data\sharedassets0.assets.resS...
[P.A.T.C.H. - 1/16/2021 3:17:10 PM] Checking... - Hash checking for App_Data\sharedassets0.resource...
[P.A.T.C.H. - 1/16/2021 3:17:10 PM] Checking... - Hash checking for App_Data\Managed\Assembly-CSharp-firstpass.dll...
[P.A.T.C.H. - 1/16/2021 3:17:10 PM] Checking... - Hash checking for App_Data\Managed\Assembly-CSharp.dll...
[P.A.T.C.H. - 1/16/2021 3:17:10 PM] Checking... - Hash checking for App_Data\Managed\DemiLib.dll...
[P.A.T.C.H. - 1/16/2021 3:17:10 PM] Checking... - Hash checking for App_Data\Managed\DOTween.dll...
[P.A.T.C.H. - 1/16/2021 3:17:10 PM] Checking... - Hash checking for App_Data\Managed\DOTweenPro.dll...
[P.A.T.C.H. - 1/16/2021 3:17:10 PM] Checking... - Hash checking for App_Data\Managed\ICSharpCode.SharpZipLib.dll...
[P.A.T.C.H. - 1/16/2021 3:17:10 PM] Checking... - Hash checking for App_Data\Managed\Ionic.Zip.Unity.dll...
[P.A.T.C.H. - 1/16/2021 3:17:10 PM] Checking... - Hash checking for App_Data\Managed\MHLab.PATCH.dll...
[P.A.T.C.H. - 1/16/2021 3:17:10 PM] Checking... - Hash checking for App_Data\Managed\Mono.Data.Sqlite.dll...
[P.A.T.C.H. - 1/16/2021 3:17:10 PM] Checking... - Hash checking for App_Data\Managed\Mono.Posix.dll...
[P.A.T.C.H. - 1/16/2021 3:17:10 PM] Checking... - Hash checking for App_Data\Managed\Mono.Security.dll...
[P.A.T.C.H. - 1/16/2021 3:17:11 PM] Checking... - Hash checking for App_Data\Managed\mscorlib.dll...
[P.A.T.C.H. - 1/16/2021 3:17:11 PM] Checking... - Hash checking for App_Data\Managed\Newtonsoft.Json.dll...
[P.A.T.C.H. - 1/16/2021 3:17:11 PM] Checking... - Hash checking for App_Data\Managed\Sirenix.OdinInspector.Attributes.dll...
[P.A.T.C.H. - 1/16/2021 3:17:11 PM] Checking... - Hash checking for App_Data\Managed\Sirenix.OdinInspector.CompatibilityLayer.dll...
[P.A.T.C.H. - 1/16/2021 3:17:11 PM] Checking... - Hash checking for App_Data\Managed\Sirenix.Serialization.Config.dll...
[P.A.T.C.H. - 1/16/2021 3:17:11 PM] Checking... - Hash checking for App_Data\Managed\Sirenix.Serialization.dll...
[P.A.T.C.H. - 1/16/2021 3:17:11 PM] Checking... - Hash checking for App_Data\Managed\Sirenix.Utilities.dll...
[P.A.T.C.H. - 1/16/2021 3:17:11 PM] Checking... - Hash checking for App_Data\Managed\System.Configuration.dll...
[P.A.T.C.H. - 1/16/2021 3:17:11 PM] Checking... - Hash checking for App_Data\Managed\System.Core.dll...
[P.A.T.C.H. - 1/16/2021 3:17:11 PM] Checking... - Hash checking for App_Data\Managed\System.Data.dll...
[P.A.T.C.H. - 1/16/2021 3:17:11 PM] Checking... - Hash checking for App_Data\Managed\System.dll...
[P.A.T.C.H. - 1/16/2021 3:17:11 PM] Checking... - Hash checking for App_Data\Managed\System.EnterpriseServices.dll...
[P.A.T.C.H. - 1/16/2021 3:17:11 PM] Checking... - Hash checking for App_Data\Managed\System.Net.Http.dll...
[P.A.T.C.H. - 1/16/2021 3:17:11 PM] Checking... - Hash checking for App_Data\Managed\System.Numerics.dll...
[P.A.T.C.H. - 1/16/2021 3:17:11 PM] Checking... - Hash checking for App_Data\Managed\System.Runtime.Serialization.dll...
[P.A.T.C.H. - 1/16/2021 3:17:11 PM] Checking... - Hash checking for App_Data\Managed\System.Security.dll...
[P.A.T.C.H. - 1/16/2021 3:17:11 PM] Checking... - Hash checking for App_Data\Managed\System.ServiceModel.Internals.dll...
[P.A.T.C.H. - 1/16/2021 3:17:11 PM] Checking... - Hash checking for App_Data\Managed\System.Transactions.dll...
[P.A.T.C.H. - 1/16/2021 3:17:11 PM] Checking... - Hash checking for App_Data\Managed\System.Xml.dll...
[P.A.T.C.H. - 1/16/2021 3:17:11 PM] Checking... - Hash checking for App_Data\Managed\System.Xml.Linq.dll...
[P.A.T.C.H. - 1/16/2021 3:17:11 PM] Checking... - Hash checking for App_Data\Managed\Unity.TextMeshPro.dll...
[P.A.T.C.H. - 1/16/2021 3:17:11 PM] Checking... - Hash checking for App_Data\Managed\Unity.Timeline.dll...
[P.A.T.C.H. - 1/16/2021 3:17:11 PM] Checking... - Hash checking for App_Data\Managed\UnityEngine.AccessibilityModule.dll...
[P.A.T.C.H. - 1/16/2021 3:17:11 PM] Checking... - Hash checking for App_Data\Managed\UnityEngine.AIModule.dll...
[P.A.T.C.H. - 1/16/2021 3:17:11 PM] Checking... - Hash checking for App_Data\Managed\UnityEngine.AndroidJNIModule.dll...
[P.A.T.C.H. - 1/16/2021 3:17:11 PM] Checking... - Hash checking for App_Data\Managed\UnityEngine.AnimationModule.dll...
[P.A.T.C.H. - 1/16/2021 3:17:11 PM] Checking... - Hash checking for App_Data\Managed\UnityEngine.ARModule.dll...
[P.A.T.C.H. - 1/16/2021 3:17:11 PM] Checking... - Hash checking for App_Data\Managed\UnityEngine.AssetBundleModule.dll...
[P.A.T.C.H. - 1/16/2021 3:17:11 PM] Checking... - Hash checking for App_Data\Managed\UnityEngine.AudioModule.dll...
[P.A.T.C.H. - 1/16/2021 3:17:11 PM] Checking... - Hash checking for App_Data\Managed\UnityEngine.ClothModule.dll...
[P.A.T.C.H. - 1/16/2021 3:17:11 PM] Checking... - Hash checking for App_Data\Managed\UnityEngine.ClusterInputModule.dll...
[P.A.T.C.H. - 1/16/2021 3:17:11 PM] Checking... - Hash checking for App_Data\Managed\UnityEngine.ClusterRendererModule.dll...
[P.A.T.C.H. - 1/16/2021 3:17:11 PM] Checking... - Hash checking for App_Data\Managed\UnityEngine.CoreModule.dll...
[P.A.T.C.H. - 1/16/2021 3:17:11 PM] Checking... - Hash checking for App_Data\Managed\UnityEngine.CrashReportingModule.dll...
[P.A.T.C.H. - 1/16/2021 3:17:11 PM] Checking... - Hash checking for App_Data\Managed\UnityEngine.DirectorModule.dll...
[P.A.T.C.H. - 1/16/2021 3:17:11 PM] Checking... - Hash checking for App_Data\Managed\UnityEngine.dll...
[P.A.T.C.H. - 1/16/2021 3:17:11 PM] Checking... - Hash checking for App_Data\Managed\UnityEngine.DSPGraphModule.dll...
[P.A.T.C.H. - 1/16/2021 3:17:11 PM] Checking... - Hash checking for App_Data\Managed\UnityEngine.GameCenterModule.dll...
[P.A.T.C.H. - 1/16/2021 3:17:11 PM] Checking... - Hash checking for App_Data\Managed\UnityEngine.GridModule.dll...
[P.A.T.C.H. - 1/16/2021 3:17:11 PM] Checking... - Hash checking for App_Data\Managed\UnityEngine.HotReloadModule.dll...
[P.A.T.C.H. - 1/16/2021 3:17:11 PM] Checking... - Hash checking for App_Data\Managed\UnityEngine.ImageConversionModule.dll...
[P.A.T.C.H. - 1/16/2021 3:17:11 PM] Checking... - Hash checking for App_Data\Managed\UnityEngine.IMGUIModule.dll...
[P.A.T.C.H. - 1/16/2021 3:17:11 PM] Checking... - Hash checking for App_Data\Managed\UnityEngine.InputLegacyModule.dll...
[P.A.T.C.H. - 1/16/2021 3:17:11 PM] Checking... - Hash checking for App_Data\Managed\UnityEngine.InputModule.dll...
[P.A.T.C.H. - 1/16/2021 3:17:11 PM] Checking... - Hash checking for App_Data\Managed\UnityEngine.JSONSerializeModule.dll...
[P.A.T.C.H. - 1/16/2021 3:17:11 PM] Checking... - Hash checking for App_Data\Managed\UnityEngine.LocalizationModule.dll...
[P.A.T.C.H. - 1/16/2021 3:17:11 PM] Checking... - Hash checking for App_Data\Managed\UnityEngine.ParticleSystemModule.dll...
[P.A.T.C.H. - 1/16/2021 3:17:11 PM] Checking... - Hash checking for App_Data\Managed\UnityEngine.PerformanceReportingModule.dll...
[P.A.T.C.H. - 1/16/2021 3:17:11 PM] Checking... - Hash checking for App_Data\Managed\UnityEngine.Physics2DModule.dll...
[P.A.T.C.H. - 1/16/2021 3:17:11 PM] Checking... - Hash checking for App_Data\Managed\UnityEngine.PhysicsModule.dll...
[P.A.T.C.H. - 1/16/2021 3:17:11 PM] Checking... - Hash checking for App_Data\Managed\UnityEngine.ProfilerModule.dll...
[P.A.T.C.H. - 1/16/2021 3:17:11 PM] Checking... - Hash checking for App_Data\Managed\UnityEngine.ScreenCaptureModule.dll...
[P.A.T.C.H. - 1/16/2021 3:17:11 PM] Checking... - Hash checking for App_Data\Managed\UnityEngine.SharedInternalsModule.dll...
[P.A.T.C.H. - 1/16/2021 3:17:11 PM] Checking... - Hash checking for App_Data\Managed\UnityEngine.SpatialTracking.dll...
[P.A.T.C.H. - 1/16/2021 3:17:11 PM] Checking... - Hash checking for App_Data\Managed\UnityEngine.SpriteMaskModule.dll...
[P.A.T.C.H. - 1/16/2021 3:17:12 PM] Checking... - Hash checking for App_Data\Managed\UnityEngine.SpriteShapeModule.dll...
[P.A.T.C.H. - 1/16/2021 3:17:12 PM] Checking... - Hash checking for App_Data\Managed\UnityEngine.StreamingModule.dll...
[P.A.T.C.H. - 1/16/2021 3:17:12 PM] Checking... - Hash checking for App_Data\Managed\UnityEngine.SubstanceModule.dll...
[P.A.T.C.H. - 1/16/2021 3:17:12 PM] Checking... - Hash checking for App_Data\Managed\UnityEngine.SubsystemsModule.dll...
[P.A.T.C.H. - 1/16/2021 3:17:12 PM] Checking... - Hash checking for App_Data\Managed\UnityEngine.TerrainModule.dll...
[P.A.T.C.H. - 1/16/2021 3:17:12 PM] Checking... - Hash checking for App_Data\Managed\UnityEngine.TerrainPhysicsModule.dll...
[P.A.T.C.H. - 1/16/2021 3:17:12 PM] Checking... - Hash checking for App_Data\Managed\UnityEngine.TextCoreModule.dll...
[P.A.T.C.H. - 1/16/2021 3:17:12 PM] Checking... - Hash checking for App_Data\Managed\UnityEngine.TextRenderingModule.dll...
[P.A.T.C.H. - 1/16/2021 3:17:12 PM] Checking... - Hash checking for App_Data\Managed\UnityEngine.TilemapModule.dll...
[P.A.T.C.H. - 1/16/2021 3:17:12 PM] Checking... - Hash checking for App_Data\Managed\UnityEngine.TLSModule.dll...
[P.A.T.C.H. - 1/16/2021 3:17:12 PM] Checking... - Hash checking for App_Data\Managed\UnityEngine.UI.dll...
[P.A.T.C.H. - 1/16/2021 3:17:12 PM] Checking... - Hash checking for App_Data\Managed\UnityEngine.UIElementsModule.dll...
[P.A.T.C.H. - 1/16/2021 3:17:12 PM] Checking... - Hash checking for App_Data\Managed\UnityEngine.UIElementsNativeModule.dll...
[P.A.T.C.H. - 1/16/2021 3:17:12 PM] Checking... - Hash checking for App_Data\Managed\UnityEngine.UIModule.dll...
[P.A.T.C.H. - 1/16/2021 3:17:12 PM] Checking... - Hash checking for App_Data\Managed\UnityEngine.UmbraModule.dll...
[P.A.T.C.H. - 1/16/2021 3:17:12 PM] Checking... - Hash checking for App_Data\Managed\UnityEngine.UNETModule.dll...
[P.A.T.C.H. - 1/16/2021 3:17:12 PM] Checking... - Hash checking for App_Data\Managed\UnityEngine.UnityAnalyticsModule.dll...
[P.A.T.C.H. - 1/16/2021 3:17:12 PM] Checking... - Hash checking for App_Data\Managed\UnityEngine.UnityConnectModule.dll...
[P.A.T.C.H. - 1/16/2021 3:17:12 PM] Checking... - Hash checking for App_Data\Managed\UnityEngine.UnityTestProtocolModule.dll...
[P.A.T.C.H. - 1/16/2021 3:17:12 PM] Checking... - Hash checking for App_Data\Managed\UnityEngine.UnityWebRequestAssetBundleModule.dll...
[P.A.T.C.H. - 1/16/2021 3:17:12 PM] Checking... - Hash checking for App_Data\Managed\UnityEngine.UnityWebRequestAudioModule.dll...
[P.A.T.C.H. - 1/16/2021 3:17:12 PM] Checking... - Hash checking for App_Data\Managed\UnityEngine.UnityWebRequestModule.dll...
[P.A.T.C.H. - 1/16/2021 3:17:12 PM] Checking... - Hash checking for App_Data\Managed\UnityEngine.UnityWebRequestTextureModule.dll...
[P.A.T.C.H. - 1/16/2021 3:17:12 PM] Checking... - Hash checking for App_Data\Managed\UnityEngine.UnityWebRequestWWWModule.dll...
[P.A.T.C.H. - 1/16/2021 3:17:12 PM] Checking... - Hash checking for App_Data\Managed\UnityEngine.VehiclesModule.dll...
[P.A.T.C.H. - 1/16/2021 3:17:12 PM] Checking... - Hash checking for App_Data\Managed\UnityEngine.VFXModule.dll...
[P.A.T.C.H. - 1/16/2021 3:17:12 PM] Checking... - Hash checking for App_Data\Managed\UnityEngine.VideoModule.dll...
[P.A.T.C.H. - 1/16/2021 3:17:12 PM] Checking... - Hash checking for App_Data\Managed\UnityEngine.VirtualTexturingModule.dll...
[P.A.T.C.H. - 1/16/2021 3:17:12 PM] Checking... - Hash checking for App_Data\Managed\UnityEngine.VRModule.dll...
[P.A.T.C.H. - 1/16/2021 3:17:12 PM] Checking... - Hash checking for App_Data\Managed\UnityEngine.WindModule.dll...
[P.A.T.C.H. - 1/16/2021 3:17:12 PM] Checking... - Hash checking for App_Data\Managed\UnityEngine.XR.LegacyInputHelpers.dll...
[P.A.T.C.H. - 1/16/2021 3:17:12 PM] Checking... - Hash checking for App_Data\Managed\UnityEngine.XRModule.dll...
[P.A.T.C.H. - 1/16/2021 3:17:12 PM] Checking... - Hash checking for App_Data\Plugins\x86_64\sqlite3.dll...
[P.A.T.C.H. - 1/16/2021 3:17:12 PM] Checking... - Hash checking for App_Data\Resources\unity default resources...
[P.A.T.C.H. - 1/16/2021 3:17:12 PM] Checking... - Hash checking for App_Data\Resources\unity_builtin_extra...
[P.A.T.C.H. - 1/16/2021 3:17:12 PM] Checking... - Hash checking for MonoBleedingEdge\EmbedRuntime\mono-2.0-bdwgc.dll...
[P.A.T.C.H. - 1/16/2021 3:17:12 PM] Checking... - Hash checking for MonoBleedingEdge\EmbedRuntime\MonoPosixHelper.dll...
[P.A.T.C.H. - 1/16/2021 3:17:12 PM] Checking... - Hash checking for MonoBleedingEdge\etc\mono\browscap.ini...
[P.A.T.C.H. - 1/16/2021 3:17:12 PM] Checking... - Hash checking for MonoBleedingEdge\etc\mono\config...
[P.A.T.C.H. - 1/16/2021 3:17:12 PM] Checking... - Hash checking for MonoBleedingEdge\etc\mono\2.0\DefaultWsdlHelpGenerator.aspx...
[P.A.T.C.H. - 1/16/2021 3:17:12 PM] Checking... - Hash checking for MonoBleedingEdge\etc\mono\2.0\machine.config...
[P.A.T.C.H. - 1/16/2021 3:17:12 PM] Checking... - Hash checking for MonoBleedingEdge\etc\mono\2.0\settings.map...
[P.A.T.C.H. - 1/16/2021 3:17:12 PM] Checking... - Hash checking for MonoBleedingEdge\etc\mono\2.0\web.config...
[P.A.T.C.H. - 1/16/2021 3:17:12 PM] Checking... - Hash checking for MonoBleedingEdge\etc\mono\2.0\Browsers\Compat.browser...
[P.A.T.C.H. - 1/16/2021 3:17:12 PM] Checking... - Hash checking for MonoBleedingEdge\etc\mono\4.0\DefaultWsdlHelpGenerator.aspx...
[P.A.T.C.H. - 1/16/2021 3:17:12 PM] Checking... - Hash checking for MonoBleedingEdge\etc\mono\4.0\machine.config...
[P.A.T.C.H. - 1/16/2021 3:17:12 PM] Checking... - Hash checking for MonoBleedingEdge\etc\mono\4.0\settings.map...
[P.A.T.C.H. - 1/16/2021 3:17:12 PM] Checking... - Hash checking for MonoBleedingEdge\etc\mono\4.0\web.config...
[P.A.T.C.H. - 1/16/2021 3:17:12 PM] Checking... - Hash checking for MonoBleedingEdge\etc\mono\4.0\Browsers\Compat.browser...
[P.A.T.C.H. - 1/16/2021 3:17:12 PM] Checking... - Hash checking for MonoBleedingEdge\etc\mono\4.5\DefaultWsdlHelpGenerator.aspx...
[P.A.T.C.H. - 1/16/2021 3:17:12 PM] Checking... - Hash checking for MonoBleedingEdge\etc\mono\4.5\machine.config...
[P.A.T.C.H. - 1/16/2021 3:17:12 PM] Checking... - Hash checking for MonoBleedingEdge\etc\mono\4.5\settings.map...
[P.A.T.C.H. - 1/16/2021 3:17:12 PM] Checking... - Hash checking for MonoBleedingEdge\etc\mono\4.5\web.config...
[P.A.T.C.H. - 1/16/2021 3:17:12 PM] Checking... - Hash checking for MonoBleedingEdge\etc\mono\4.5\Browsers\Compat.browser...
[P.A.T.C.H. - 1/16/2021 3:17:12 PM] Checking... - Hash checking for MonoBleedingEdge\etc\mono\mconfig\config.xml...
[P.A.T.C.H. - 1/16/2021 3:17:12 PM] Downloading file... - Downloading file version from remote server!
[P.A.T.C.H. - 1/16/2021 3:17:13 PM] Downloaded file! - Downloaded file version from remote server!
[P.A.T.C.H. - 1/16/2021 3:17:13 PM] Downloaded! - Version file was downloaded!
[P.A.T.C.H. - 1/16/2021 3:17:13 PM] Patching process is started!
[P.A.T.C.H. - 1/16/2021 3:17:13 PM] Cleaning! - Cleaning P.A.T.C.H. workspace!
[P.A.T.C.H. - 1/16/2021 3:17:13 PM] Checking version... - Found version 0.0.0.0
[P.A.T.C.H. - 1/16/2021 3:17:13 PM] Checking... - Checking for remote service!
[P.A.T.C.H. - 1/16/2021 3:17:14 PM] Cleaning! - Cleaning P.A.T.C.H. workspace!
[P.A.T.C.H. - 1/16/2021 3:17:14 PM] Checking directories... - Checking directories and workspace creation!
[P.A.T.C.H. - 1/16/2021 3:17:14 PM] Downloading file... - Downloading patch 0.0.0.0_0.0.0.1 indexer from remote server!
[P.A.T.C.H. - 1/16/2021 3:17:15 PM] Downloaded file! - Downloaded patch 0.0.0.0_0.0.0.1 indexer from remote server!
[P.A.T.C.H. - 1/16/2021 3:17:15 PM] Downloading file... - Downloading patch 0.0.0.0_0.0.0.1 archive from remote server!
[P.A.T.C.H. - 1/16/2021 3:17:16 PM] Downloaded file! - Downloaded patch 0.0.0.0_0.0.0.1 archive from remote server!
[P.A.T.C.H. - 1/16/2021 3:17:16 PM] Hash checking! - Comparing hashes for 0.0.0.0_0.0.0.1.archive
[P.A.T.C.H. - 1/16/2021 3:17:16 PM] Patch decompression! - Unzipping pack 0.0.0.0_0.0.0.1.archive
[P.A.T.C.H. - 1/16/2021 3:17:16 PM] Processing index! - Computing indexer for 0.0.0.0_0.0.0.1.archive
[P.A.T.C.H. - 1/16/2021 3:17:16 PM] File processing - Patching - Patching \version file
[P.A.T.C.H. - 1/16/2021 3:17:16 PM] Computed hash: OeLF+PJ0BuziF8k2WDoAMn6/LKQ - Expected hash: OeLF+PJ0BuziF8k2WDoAMn6/LKQ
[P.A.T.C.H. - 1/16/2021 3:17:16 PM] File processing - Hash checking - Hash checking \version file
[P.A.T.C.H. - 1/16/2021 3:17:16 PM] File processed - Patched - Patched \version file
[P.A.T.C.H. - 1/16/2021 3:17:16 PM] File processing - Patching - Patching \App_Data\globalgamemanagers file
[P.A.T.C.H. - 1/16/2021 3:17:16 PM] Computed hash: I1uirJ8JsygYwTHz4HDNqsHBLmU - Expected hash: I1uirJ8JsygYwTHz4HDNqsHBLmU
[P.A.T.C.H. - 1/16/2021 3:17:16 PM] File processing - Hash checking - Hash checking \App_Data\globalgamemanagers file
[P.A.T.C.H. - 1/16/2021 3:17:16 PM] File processed - Patched - Patched \App_Data\globalgamemanagers file
[P.A.T.C.H. - 1/16/2021 3:17:16 PM] File processing - Patching - Patching \App_Data\level0 file
[P.A.T.C.H. - 1/16/2021 3:17:16 PM] Computed hash: A+Gbw5oFNx3XPzMqrgvG4LMEUx0 - Expected hash: A+Gbw5oFNx3XPzMqrgvG4LMEUx0
[P.A.T.C.H. - 1/16/2021 3:17:16 PM] File processing - Hash checking - Hash checking \App_Data\level0 file
[P.A.T.C.H. - 1/16/2021 3:17:16 PM] File processed - Patched - Patched \App_Data\level0 file
[P.A.T.C.H. - 1/16/2021 3:17:16 PM] Cleaning! - Cleaning P.A.T.C.H. workspace!
[P.A.T.C.H. - 1/16/2021 3:17:16 PM] Cleaning! - Cleaning P.A.T.C.H. workspace!
[P.A.T.C.H. - 1/16/2021 3:17:16 PM] Patching process is now completed! Press LAUNCH button!
